{"/Users/ibnadam/Documents/Project/CardGame/src/sum.js": {"path":"/Users/ibnadam/Documents/Project/CardGame/src/sum.js","statementMap":{"0":{"start":{"line":2,"column":4},"end":{"line":2,"column":17}},"1":{"start":{"line":4,"column":2},"end":{"line":4,"column":23}}},"fnMap":{"0":{"name":"sum","decl":{"start":{"line":1,"column":9},"end":{"line":1,"column":12}},"loc":{"start":{"line":1,"column":19},"end":{"line":3,"column":3}},"line":1}},"branchMap":{},"s":{"0":1,"1":1},"f":{"0":1},"b":{},"_coverageSchema":"1a1c01bbd47fc00a2c39e90264f33305004495a9","hash":"c1a7be75ec43177adda7bd00d9ae93c19b81c6f0"}
,"/Users/ibnadam/Documents/Project/CardGame/src/views/card.js": {"path":"/Users/ibnadam/Documents/Project/CardGame/src/views/card.js","statementMap":{"0":{"start":{"line":4,"column":13},"end":{"line":73,"column":1}},"1":{"start":{"line":5,"column":23},"end":{"line":5,"column":24}},"2":{"start":{"line":6,"column":26},"end":{"line":6,"column":63}},"3":{"start":{"line":7,"column":4},"end":{"line":7,"column":67}},"4":{"start":{"line":7,"column":45},"end":{"line":7,"column":65}},"5":{"start":{"line":9,"column":29},"end":{"line":18,"column":5}},"6":{"start":{"line":20,"column":28},"end":{"line":29,"column":5}},"7":{"start":{"line":31,"column":4},"end":{"line":35,"column":5}},"8":{"start":{"line":32,"column":8},"end":{"line":32,"column":22}},"9":{"start":{"line":34,"column":8},"end":{"line":34,"column":21}},"10":{"start":{"line":37,"column":20},"end":{"line":41,"column":5}},"11":{"start":{"line":38,"column":8},"end":{"line":40,"column":9}},"12":{"start":{"line":39,"column":12},"end":{"line":39,"column":27}},"13":{"start":{"line":44,"column":8},"end":{"line":48,"column":19}},"14":{"start":{"line":52,"column":8},"end":{"line":56,"column":19}},"15":{"start":{"line":59,"column":4},"end":{"line":72,"column":6}},"16":{"start":{"line":75,"column":15},"end":{"line":106,"column":2}}},"fnMap":{"0":{"name":"(anonymous_0)","decl":{"start":{"line":4,"column":13},"end":{"line":4,"column":14}},"loc":{"start":{"line":4,"column":78},"end":{"line":73,"column":1}},"line":4},"1":{"name":"(anonymous_1)","decl":{"start":{"line":7,"column":30},"end":{"line":7,"column":31}},"loc":{"start":{"line":7,"column":45},"end":{"line":7,"column":65}},"line":7},"2":{"name":"(anonymous_2)","decl":{"start":{"line":37,"column":20},"end":{"line":37,"column":21}},"loc":{"start":{"line":37,"column":26},"end":{"line":41,"column":5}},"line":37},"3":{"name":"flipToFront","decl":{"start":{"line":43,"column":13},"end":{"line":43,"column":24}},"loc":{"start":{"line":43,"column":27},"end":{"line":49,"column":5}},"line":43},"4":{"name":"flipToBack","decl":{"start":{"line":51,"column":13},"end":{"line":51,"column":23}},"loc":{"start":{"line":51,"column":26},"end":{"line":57,"column":5}},"line":51}},"branchMap":{"0":{"loc":{"start":{"line":31,"column":4},"end":{"line":35,"column":5}},"type":"if","locations":[{"start":{"line":31,"column":4},"end":{"line":35,"column":5}},{"start":{"line":33,"column":11},"end":{"line":35,"column":5}}],"line":31},"1":{"loc":{"start":{"line":31,"column":8},"end":{"line":31,"column":31}},"type":"binary-expr","locations":[{"start":{"line":31,"column":8},"end":{"line":31,"column":17}},{"start":{"line":31,"column":21},"end":{"line":31,"column":31}}],"line":31},"2":{"loc":{"start":{"line":38,"column":8},"end":{"line":40,"column":9}},"type":"if","locations":[{"start":{"line":38,"column":8},"end":{"line":40,"column":9}},{"start":{},"end":{}}],"line":38},"3":{"loc":{"start":{"line":38,"column":12},"end":{"line":38,"column":37}},"type":"binary-expr","locations":[{"start":{"line":38,"column":12},"end":{"line":38,"column":22}},{"start":{"line":38,"column":26},"end":{"line":38,"column":37}}],"line":38}},"s":{"0":2,"1":62,"2":62,"3":62,"4":49,"5":62,"6":62,"7":62,"8":0,"9":62,"10":62,"11":1,"12":1,"13":0,"14":62,"15":62,"16":2},"f":{"0":62,"1":49,"2":1,"3":0,"4":62},"b":{"0":[0,62],"1":[62,62],"2":[1,0],"3":[1,1]},"_coverageSchema":"1a1c01bbd47fc00a2c39e90264f33305004495a9","hash":"9bdd519af4470a7e5040fda346396a0df3991bab"}
,"/Users/ibnadam/Documents/Project/CardGame/src/views/cards.js": {"path":"/Users/ibnadam/Documents/Project/CardGame/src/views/cards.js","statementMap":{"0":{"start":{"line":7,"column":19},"end":{"line":7,"column":31}},"1":{"start":{"line":8,"column":4},"end":{"line":14,"column":5}},"2":{"start":{"line":8,"column":17},"end":{"line":8,"column":23}},"3":{"start":{"line":9,"column":28},"end":{"line":9,"column":57}},"4":{"start":{"line":10,"column":29},"end":{"line":10,"column":34}},"5":{"start":{"line":11,"column":21},"end":{"line":11,"column":40}},"6":{"start":{"line":12,"column":8},"end":{"line":12,"column":49}},"7":{"start":{"line":13,"column":8},"end":{"line":13,"column":34}},"8":{"start":{"line":15,"column":4},"end":{"line":15,"column":17}},"9":{"start":{"line":19,"column":16},"end":{"line":19,"column":17}},"10":{"start":{"line":20,"column":16},"end":{"line":20,"column":19}},"11":{"start":{"line":21,"column":19},"end":{"line":21,"column":64}},"12":{"start":{"line":22,"column":4},"end":{"line":22,"column":28}},"13":{"start":{"line":26,"column":20},"end":{"line":26,"column":62}},"14":{"start":{"line":26,"column":41},"end":{"line":26,"column":61}},"15":{"start":{"line":27,"column":4},"end":{"line":27,"column":31}},"16":{"start":{"line":31,"column":37},"end":{"line":31,"column":39}},"17":{"start":{"line":33,"column":4},"end":{"line":38,"column":5}},"18":{"start":{"line":34,"column":23},"end":{"line":34,"column":62}},"19":{"start":{"line":35,"column":8},"end":{"line":37,"column":9}},"20":{"start":{"line":36,"column":12},"end":{"line":36,"column":50}},"21":{"start":{"line":39,"column":4},"end":{"line":39,"column":36}},"22":{"start":{"line":42,"column":23},"end":{"line":42,"column":51}},"23":{"start":{"line":43,"column":19},"end":{"line":43,"column":20}},"24":{"start":{"line":44,"column":13},"end":{"line":44,"column":56}},"25":{"start":{"line":46,"column":14},"end":{"line":158,"column":1}},"26":{"start":{"line":47,"column":30},"end":{"line":49,"column":5}},"27":{"start":{"line":50,"column":38},"end":{"line":50,"column":50}},"28":{"start":{"line":51,"column":44},"end":{"line":51,"column":56}},"29":{"start":{"line":52,"column":62},"end":{"line":52,"column":77}},"30":{"start":{"line":53,"column":30},"end":{"line":53,"column":41}},"31":{"start":{"line":55,"column":20},"end":{"line":55,"column":32}},"32":{"start":{"line":57,"column":20},"end":{"line":59,"column":5}},"33":{"start":{"line":58,"column":8},"end":{"line":58,"column":39}},"34":{"start":{"line":61,"column":19},"end":{"line":63,"column":5}},"35":{"start":{"line":62,"column":8},"end":{"line":62,"column":40}},"36":{"start":{"line":65,"column":28},"end":{"line":75,"column":5}},"37":{"start":{"line":66,"column":8},"end":{"line":74,"column":9}},"38":{"start":{"line":67,"column":12},"end":{"line":73,"column":14}},"39":{"start":{"line":71,"column":57},"end":{"line":71,"column":72}},"40":{"start":{"line":76,"column":21},"end":{"line":88,"column":5}},"41":{"start":{"line":77,"column":32},"end":{"line":77,"column":41}},"42":{"start":{"line":78,"column":8},"end":{"line":78,"column":17}},"43":{"start":{"line":79,"column":8},"end":{"line":83,"column":9}},"44":{"start":{"line":80,"column":12},"end":{"line":80,"column":78}},"45":{"start":{"line":80,"column":39},"end":{"line":80,"column":75}},"46":{"start":{"line":81,"column":12},"end":{"line":81,"column":29}},"47":{"start":{"line":82,"column":12},"end":{"line":82,"column":19}},"48":{"start":{"line":85,"column":8},"end":{"line":87,"column":16}},"49":{"start":{"line":86,"column":12},"end":{"line":86,"column":29}},"50":{"start":{"line":90,"column":28},"end":{"line":99,"column":5}},"51":{"start":{"line":91,"column":8},"end":{"line":98,"column":9}},"52":{"start":{"line":92,"column":12},"end":{"line":92,"column":53}},"53":{"start":{"line":92,"column":35},"end":{"line":92,"column":51}},"54":{"start":{"line":93,"column":12},"end":{"line":93,"column":22}},"55":{"start":{"line":94,"column":12},"end":{"line":94,"column":43}},"56":{"start":{"line":94,"column":32},"end":{"line":94,"column":41}},"57":{"start":{"line":96,"column":12},"end":{"line":96,"column":42}},"58":{"start":{"line":97,"column":12},"end":{"line":97,"column":34}},"59":{"start":{"line":101,"column":4},"end":{"line":109,"column":20}},"60":{"start":{"line":102,"column":22},"end":{"line":102,"column":26}},"61":{"start":{"line":103,"column":8},"end":{"line":105,"column":9}},"62":{"start":{"line":104,"column":12},"end":{"line":104,"column":48}},"63":{"start":{"line":106,"column":8},"end":{"line":108,"column":10}},"64":{"start":{"line":107,"column":12},"end":{"line":107,"column":34}},"65":{"start":{"line":111,"column":4},"end":{"line":113,"column":23}},"66":{"start":{"line":112,"column":8},"end":{"line":112,"column":26}},"67":{"start":{"line":115,"column":27},"end":{"line":117,"column":5}},"68":{"start":{"line":116,"column":8},"end":{"line":116,"column":41}},"69":{"start":{"line":119,"column":28},"end":{"line":121,"column":5}},"70":{"start":{"line":120,"column":8},"end":{"line":120,"column":46}},"71":{"start":{"line":123,"column":26},"end":{"line":130,"column":5}},"72":{"start":{"line":124,"column":8},"end":{"line":124,"column":28}},"73":{"start":{"line":125,"column":8},"end":{"line":125,"column":25}},"74":{"start":{"line":126,"column":8},"end":{"line":126,"column":20}},"75":{"start":{"line":127,"column":8},"end":{"line":127,"column":40}},"76":{"start":{"line":128,"column":8},"end":{"line":128,"column":56}},"77":{"start":{"line":129,"column":8},"end":{"line":129,"column":74}},"78":{"start":{"line":132,"column":4},"end":{"line":157,"column":6}},"79":{"start":{"line":142,"column":20},"end":{"line":152,"column":27}},"80":{"start":{"line":154,"column":38},"end":{"line":154,"column":45}},"81":{"start":{"line":160,"column":15},"end":{"line":185,"column":2}}},"fnMap":{"0":{"name":"shuffleCards","decl":{"start":{"line":6,"column":9},"end":{"line":6,"column":21}},"loc":{"start":{"line":6,"column":29},"end":{"line":16,"column":1}},"line":6},"1":{"name":"generateRandomNumbersToString","decl":{"start":{"line":18,"column":9},"end":{"line":18,"column":38}},"loc":{"start":{"line":18,"column":41},"end":{"line":23,"column":1}},"line":18},"2":{"name":"isInArray","decl":{"start":{"line":25,"column":9},"end":{"line":25,"column":18}},"loc":{"start":{"line":25,"column":33},"end":{"line":28,"column":1}},"line":25},"3":{"name":"(anonymous_3)","decl":{"start":{"line":26,"column":31},"end":{"line":26,"column":32}},"loc":{"start":{"line":26,"column":41},"end":{"line":26,"column":61}},"line":26},"4":{"name":"prepareListOfRandomNumbers","decl":{"start":{"line":30,"column":9},"end":{"line":30,"column":35}},"loc":{"start":{"line":30,"column":38},"end":{"line":40,"column":1}},"line":30},"5":{"name":"(anonymous_5)","decl":{"start":{"line":46,"column":14},"end":{"line":46,"column":15}},"loc":{"start":{"line":46,"column":20},"end":{"line":158,"column":1}},"line":46},"6":{"name":"(anonymous_6)","decl":{"start":{"line":57,"column":20},"end":{"line":57,"column":21}},"loc":{"start":{"line":57,"column":26},"end":{"line":59,"column":5}},"line":57},"7":{"name":"(anonymous_7)","decl":{"start":{"line":61,"column":19},"end":{"line":61,"column":20}},"loc":{"start":{"line":61,"column":25},"end":{"line":63,"column":5}},"line":61},"8":{"name":"(anonymous_8)","decl":{"start":{"line":65,"column":28},"end":{"line":65,"column":29}},"loc":{"start":{"line":65,"column":34},"end":{"line":75,"column":5}},"line":65},"9":{"name":"(anonymous_9)","decl":{"start":{"line":71,"column":51},"end":{"line":71,"column":52}},"loc":{"start":{"line":71,"column":57},"end":{"line":71,"column":72}},"line":71},"10":{"name":"(anonymous_10)","decl":{"start":{"line":76,"column":21},"end":{"line":76,"column":22}},"loc":{"start":{"line":76,"column":27},"end":{"line":88,"column":5}},"line":76},"11":{"name":"(anonymous_11)","decl":{"start":{"line":80,"column":28},"end":{"line":80,"column":29}},"loc":{"start":{"line":80,"column":39},"end":{"line":80,"column":75}},"line":80},"12":{"name":"(anonymous_12)","decl":{"start":{"line":85,"column":37},"end":{"line":85,"column":38}},"loc":{"start":{"line":85,"column":43},"end":{"line":87,"column":9}},"line":85},"13":{"name":"(anonymous_13)","decl":{"start":{"line":90,"column":28},"end":{"line":90,"column":29}},"loc":{"start":{"line":90,"column":39},"end":{"line":99,"column":5}},"line":90},"14":{"name":"(anonymous_14)","decl":{"start":{"line":92,"column":25},"end":{"line":92,"column":26}},"loc":{"start":{"line":92,"column":35},"end":{"line":92,"column":51}},"line":92},"15":{"name":"(anonymous_15)","decl":{"start":{"line":94,"column":21},"end":{"line":94,"column":22}},"loc":{"start":{"line":94,"column":32},"end":{"line":94,"column":41}},"line":94},"16":{"name":"(anonymous_16)","decl":{"start":{"line":101,"column":14},"end":{"line":101,"column":15}},"loc":{"start":{"line":101,"column":20},"end":{"line":109,"column":5}},"line":101},"17":{"name":"(anonymous_17)","decl":{"start":{"line":106,"column":15},"end":{"line":106,"column":16}},"loc":{"start":{"line":106,"column":21},"end":{"line":108,"column":9}},"line":106},"18":{"name":"(anonymous_18)","decl":{"start":{"line":111,"column":14},"end":{"line":111,"column":15}},"loc":{"start":{"line":111,"column":20},"end":{"line":113,"column":5}},"line":111},"19":{"name":"(anonymous_19)","decl":{"start":{"line":115,"column":27},"end":{"line":115,"column":28}},"loc":{"start":{"line":115,"column":38},"end":{"line":117,"column":5}},"line":115},"20":{"name":"(anonymous_20)","decl":{"start":{"line":119,"column":28},"end":{"line":119,"column":29}},"loc":{"start":{"line":119,"column":38},"end":{"line":121,"column":5}},"line":119},"21":{"name":"(anonymous_21)","decl":{"start":{"line":123,"column":26},"end":{"line":123,"column":27}},"loc":{"start":{"line":123,"column":32},"end":{"line":130,"column":5}},"line":123},"22":{"name":"(anonymous_22)","decl":{"start":{"line":141,"column":28},"end":{"line":141,"column":29}},"loc":{"start":{"line":142,"column":20},"end":{"line":152,"column":27}},"line":142},"23":{"name":"(anonymous_23)","decl":{"start":{"line":154,"column":30},"end":{"line":154,"column":31}},"loc":{"start":{"line":154,"column":38},"end":{"line":154,"column":45}},"line":154}},"branchMap":{"0":{"loc":{"start":{"line":35,"column":8},"end":{"line":37,"column":9}},"type":"if","locations":[{"start":{"line":35,"column":8},"end":{"line":37,"column":9}},{"start":{},"end":{}}],"line":35},"1":{"loc":{"start":{"line":66,"column":8},"end":{"line":74,"column":9}},"type":"if","locations":[{"start":{"line":66,"column":8},"end":{"line":74,"column":9}},{"start":{},"end":{}}],"line":66},"2":{"loc":{"start":{"line":79,"column":8},"end":{"line":83,"column":9}},"type":"if","locations":[{"start":{"line":79,"column":8},"end":{"line":83,"column":9}},{"start":{},"end":{}}],"line":79},"3":{"loc":{"start":{"line":91,"column":8},"end":{"line":98,"column":9}},"type":"if","locations":[{"start":{"line":91,"column":8},"end":{"line":98,"column":9}},{"start":{"line":95,"column":15},"end":{"line":98,"column":9}}],"line":91},"4":{"loc":{"start":{"line":103,"column":8},"end":{"line":105,"column":9}},"type":"if","locations":[{"start":{"line":103,"column":8},"end":{"line":105,"column":9}},{"start":{},"end":{}}],"line":103}},"s":{"0":5,"1":5,"2":5,"3":60,"4":60,"5":60,"6":60,"7":60,"8":5,"9":6,"10":6,"11":6,"12":6,"13":6,"14":15,"15":6,"16":1,"17":1,"18":6,"19":6,"20":6,"21":1,"22":1,"23":1,"24":1,"25":1,"26":5,"27":5,"28":5,"29":5,"30":5,"31":5,"32":5,"33":0,"34":5,"35":0,"36":5,"37":5,"38":0,"39":0,"40":5,"41":0,"42":0,"43":0,"44":0,"45":0,"46":0,"47":0,"48":0,"49":0,"50":5,"51":0,"52":0,"53":0,"54":0,"55":0,"56":0,"57":0,"58":0,"59":5,"60":5,"61":5,"62":0,"63":5,"64":5,"65":5,"66":5,"67":5,"68":60,"69":5,"70":60,"71":5,"72":0,"73":0,"74":0,"75":0,"76":0,"77":0,"78":5,"79":60,"80":60,"81":1},"f":{"0":5,"1":6,"2":6,"3":15,"4":1,"5":5,"6":0,"7":0,"8":5,"9":0,"10":0,"11":0,"12":0,"13":0,"14":0,"15":0,"16":5,"17":5,"18":5,"19":60,"20":60,"21":0,"22":60,"23":60},"b":{"0":[6,0],"1":[0,5],"2":[0,0],"3":[0,0],"4":[0,5]},"_coverageSchema":"1a1c01bbd47fc00a2c39e90264f33305004495a9","hash":"51116fcaa8228ec84afc3ae9ca92193afe819fd0"}
}
