TN:
SF:src/sum.js
FN:1,sum
FNF:1
FNH:1
FNDA:1,sum
DA:2,1
DA:4,1
LF:2
LH:2
BRF:0
BRH:0
end_of_record
TN:
SF:src/views/card.js
FN:4,(anonymous_0)
FN:7,(anonymous_1)
FN:37,(anonymous_2)
FN:43,flipToFront
FN:51,flipToBack
FNF:5
FNH:4
FNDA:62,(anonymous_0)
FNDA:49,(anonymous_1)
FNDA:1,(anonymous_2)
FNDA:0,flipToFront
FNDA:62,flipToBack
DA:4,2
DA:5,62
DA:6,62
DA:7,62
DA:9,62
DA:20,62
DA:31,62
DA:32,0
DA:34,62
DA:37,62
DA:38,1
DA:39,1
DA:44,0
DA:52,62
DA:59,62
DA:75,2
LF:16
LH:14
BRDA:31,0,0,0
BRDA:31,0,1,62
BRDA:31,1,0,62
BRDA:31,1,1,62
BRDA:38,2,0,1
BRDA:38,2,1,0
BRDA:38,3,0,1
BRDA:38,3,1,1
BRF:8
BRH:6
end_of_record
TN:
SF:src/views/cards.js
FN:6,shuffleCards
FN:18,generateRandomNumbersToString
FN:25,isInArray
FN:26,(anonymous_3)
FN:30,prepareListOfRandomNumbers
FN:46,(anonymous_5)
FN:57,(anonymous_6)
FN:61,(anonymous_7)
FN:65,(anonymous_8)
FN:71,(anonymous_9)
FN:76,(anonymous_10)
FN:80,(anonymous_11)
FN:85,(anonymous_12)
FN:90,(anonymous_13)
FN:92,(anonymous_14)
FN:94,(anonymous_15)
FN:101,(anonymous_16)
FN:106,(anonymous_17)
FN:111,(anonymous_18)
FN:115,(anonymous_19)
FN:119,(anonymous_20)
FN:123,(anonymous_21)
FN:141,(anonymous_22)
FN:154,(anonymous_23)
FNF:24
FNH:14
FNDA:5,shuffleCards
FNDA:6,generateRandomNumbersToString
FNDA:6,isInArray
FNDA:15,(anonymous_3)
FNDA:1,prepareListOfRandomNumbers
FNDA:5,(anonymous_5)
FNDA:0,(anonymous_6)
FNDA:0,(anonymous_7)
FNDA:5,(anonymous_8)
FNDA:0,(anonymous_9)
FNDA:0,(anonymous_10)
FNDA:0,(anonymous_11)
FNDA:0,(anonymous_12)
FNDA:0,(anonymous_13)
FNDA:0,(anonymous_14)
FNDA:0,(anonymous_15)
FNDA:5,(anonymous_16)
FNDA:5,(anonymous_17)
FNDA:5,(anonymous_18)
FNDA:60,(anonymous_19)
FNDA:60,(anonymous_20)
FNDA:0,(anonymous_21)
FNDA:60,(anonymous_22)
FNDA:60,(anonymous_23)
DA:7,5
DA:8,5
DA:9,60
DA:10,60
DA:11,60
DA:12,60
DA:13,60
DA:15,5
DA:19,6
DA:20,6
DA:21,6
DA:22,6
DA:26,15
DA:27,6
DA:31,1
DA:33,1
DA:34,6
DA:35,6
DA:36,6
DA:39,1
DA:42,1
DA:43,1
DA:44,1
DA:46,1
DA:47,5
DA:50,5
DA:51,5
DA:52,5
DA:53,5
DA:55,5
DA:57,5
DA:58,0
DA:61,5
DA:62,0
DA:65,5
DA:66,5
DA:67,0
DA:71,0
DA:76,5
DA:77,0
DA:78,0
DA:79,0
DA:80,0
DA:81,0
DA:82,0
DA:85,0
DA:86,0
DA:90,5
DA:91,0
DA:92,0
DA:93,0
DA:94,0
DA:96,0
DA:97,0
DA:101,5
DA:102,5
DA:103,5
DA:104,0
DA:106,5
DA:107,5
DA:111,5
DA:112,5
DA:115,5
DA:116,60
DA:119,5
DA:120,60
DA:123,5
DA:124,0
DA:125,0
DA:126,0
DA:127,0
DA:128,0
DA:129,0
DA:132,5
DA:142,60
DA:154,60
DA:160,1
LF:77
LH:52
BRDA:35,0,0,6
BRDA:35,0,1,0
BRDA:66,1,0,0
BRDA:66,1,1,5
BRDA:79,2,0,0
BRDA:79,2,1,0
BRDA:91,3,0,0
BRDA:91,3,1,0
BRDA:103,4,0,0
BRDA:103,4,1,5
BRF:10
BRH:3
end_of_record
